<?xml version="1.0" encoding="UTF-8"?>
<testsuite name="order_route_tests.OrderRouteTest-20200420141837" tests="3" file="order_route_tests.py" time="0.007" timestamp="2020-04-20T14:18:38" failures="0" errors="3" skipped="0">
	<testcase classname="order_route_tests.OrderRouteTest" name="test_send_order_with_invalid_address" time="0.005" timestamp="2020-04-20T14:18:38" file="src\unittest\python\order_route_tests.py" line="54">
		<error type="AttributeError" message="module 'jwt' has no attribute 'encode'"><![CDATA[Traceback (most recent call last):
  File "c:\users\michael\desktop\soft_eng\project\ecommerce_site\backend\src\unittest\python\order_route_tests.py", line 16, in setUp
    self.token = jwt.encode(
AttributeError: module 'jwt' has no attribute 'encode'
]]></error>
		<system-out><![CDATA[]]></system-out>
		<system-err><![CDATA[]]></system-err>
	</testcase>
	<testcase classname="order_route_tests.OrderRouteTest" name="test_send_order_with_invalid_order" time="0.001" timestamp="2020-04-20T14:18:38" file="src\unittest\python\order_route_tests.py" line="28">
		<error type="AttributeError" message="module 'jwt' has no attribute 'encode'"><![CDATA[Traceback (most recent call last):
  File "c:\users\michael\desktop\soft_eng\project\ecommerce_site\backend\src\unittest\python\order_route_tests.py", line 16, in setUp
    self.token = jwt.encode(
AttributeError: module 'jwt' has no attribute 'encode'
]]></error>
		<system-out><![CDATA[]]></system-out>
		<system-err><![CDATA[]]></system-err>
	</testcase>
	<testcase classname="order_route_tests.OrderRouteTest" name="test_send_order_with_valid_order" time="0.001" timestamp="2020-04-20T14:18:38" file="src\unittest\python\order_route_tests.py" line="42">
		<error type="AttributeError" message="module 'jwt' has no attribute 'encode'"><![CDATA[Traceback (most recent call last):
  File "c:\users\michael\desktop\soft_eng\project\ecommerce_site\backend\src\unittest\python\order_route_tests.py", line 16, in setUp
    self.token = jwt.encode(
AttributeError: module 'jwt' has no attribute 'encode'
]]></error>
		<system-out><![CDATA[]]></system-out>
		<system-err><![CDATA[]]></system-err>
	</testcase>
</testsuite>
