<?xml version="1.0" encoding="UTF-8"?>
<testsuite name="account_route_tests.AccountRouteTest-20200420141837" tests="5" file="account_route_tests.py" time="0.032" timestamp="2020-04-20T14:18:37" failures="0" errors="0" skipped="0">
	<testcase classname="account_route_tests.AccountRouteTest" name="test_create_customer_account_but_username_is_taken" time="0.018" timestamp="2020-04-20T14:18:37" file="src\unittest\python\account_route_tests.py" line="47">
		<system-out><![CDATA[]]></system-out>
		<system-err><![CDATA[]]></system-err>
	</testcase>
	<testcase classname="account_route_tests.AccountRouteTest" name="test_create_customer_account_succesfully" time="0.003" timestamp="2020-04-20T14:18:37" file="src\unittest\python\account_route_tests.py" line="58">
		<system-out><![CDATA[]]></system-out>
		<system-err><![CDATA[]]></system-err>
	</testcase>
	<testcase classname="account_route_tests.AccountRouteTest" name="test_create_customer_account_with_invalid_account_data" time="0.002" timestamp="2020-04-20T14:18:37" file="src\unittest\python\account_route_tests.py" line="37">
		<system-out><![CDATA[]]></system-out>
		<system-err><![CDATA[]]></system-err>
	</testcase>
	<testcase classname="account_route_tests.AccountRouteTest" name="test_create_customer_account_with_missing_fields" time="0.002" timestamp="2020-04-20T14:18:37" file="src\unittest\python\account_route_tests.py" line="30">
		<system-out><![CDATA[]]></system-out>
		<system-err><![CDATA[]]></system-err>
	</testcase>
	<testcase classname="account_route_tests.AccountRouteTest" name="test_static_page" time="0.007" timestamp="2020-04-20T14:18:37" file="src\unittest\python\account_route_tests.py" line="69">
		<system-out><![CDATA[]]></system-out>
		<system-err><![CDATA[]]></system-err>
	</testcase>
</testsuite>
