<?xml version="1.0" encoding="UTF-8"?>
<testsuite name="database_tests.DatabaseTest-20200419094605" tests="13" file="database_tests.py" time="1.283" timestamp="2020-04-19T09:46:07" failures="0" errors="0" skipped="0">
	<testcase classname="database_tests.DatabaseTest" name="test_account_exists_with_existing_account" time="0.095" timestamp="2020-04-19T09:46:05" file="src\unittest\python\database_tests.py" line="28">
		<system-out><![CDATA[]]></system-out>
		<system-err><![CDATA[]]></system-err>
	</testcase>
	<testcase classname="database_tests.DatabaseTest" name="test_account_exists_with_nonexisting_account" time="0.085" timestamp="2020-04-19T09:46:06" file="src\unittest\python\database_tests.py" line="24">
		<system-out><![CDATA[]]></system-out>
		<system-err><![CDATA[]]></system-err>
	</testcase>
	<testcase classname="database_tests.DatabaseTest" name="test_add_customer" time="0.094" timestamp="2020-04-19T09:46:06" file="src\unittest\python\database_tests.py" line="35">
		<system-out><![CDATA[]]></system-out>
		<system-err><![CDATA[]]></system-err>
	</testcase>
	<testcase classname="database_tests.DatabaseTest" name="test_add_order_with_one_order" time="0.115" timestamp="2020-04-19T09:46:06" file="src\unittest\python\database_tests.py" line="81">
		<system-out><![CDATA[]]></system-out>
		<system-err><![CDATA[]]></system-err>
	</testcase>
	<testcase classname="database_tests.DatabaseTest" name="test_find_credentials_with_non_existing_credentials" time="0.095" timestamp="2020-04-19T09:46:06" file="src\unittest\python\database_tests.py" line="49">
		<system-out><![CDATA[]]></system-out>
		<system-err><![CDATA[]]></system-err>
	</testcase>
	<testcase classname="database_tests.DatabaseTest" name="test_get_cart_with_no_previous_cart" time="0.099" timestamp="2020-04-19T09:46:06" file="src\unittest\python\database_tests.py" line="177">
		<system-out><![CDATA[]]></system-out>
		<system-err><![CDATA[]]></system-err>
	</testcase>
	<testcase classname="database_tests.DatabaseTest" name="test_get_cart_with_previous_cart" time="0.133" timestamp="2020-04-19T09:46:06" file="src\unittest\python\database_tests.py" line="186">
		<system-out><![CDATA[]]></system-out>
		<system-err><![CDATA[]]></system-err>
	</testcase>
	<testcase classname="database_tests.DatabaseTest" name="test_get_categories_with_no_products_in_database" time="0.086" timestamp="2020-04-19T09:46:06" file="src\unittest\python\database_tests.py" line="73">
		<system-out><![CDATA[]]></system-out>
		<system-err><![CDATA[]]></system-err>
	</testcase>
	<testcase classname="database_tests.DatabaseTest" name="test_get_products_with_no_products_in_database" time="0.084" timestamp="2020-04-19T09:46:06" file="src\unittest\python\database_tests.py" line="67">
		<system-out><![CDATA[]]></system-out>
		<system-err><![CDATA[]]></system-err>
	</testcase>
	<testcase classname="database_tests.DatabaseTest" name="test_get_role_with_admin_account" time="0.084" timestamp="2020-04-19T09:46:06" file="src\unittest\python\database_tests.py" line="56">
		<system-out><![CDATA[]]></system-out>
		<system-err><![CDATA[]]></system-err>
	</testcase>
	<testcase classname="database_tests.DatabaseTest" name="test_get_role_with_customer_account" time="0.104" timestamp="2020-04-19T09:46:06" file="src\unittest\python\database_tests.py" line="60">
		<system-out><![CDATA[]]></system-out>
		<system-err><![CDATA[]]></system-err>
	</testcase>
	<testcase classname="database_tests.DatabaseTest" name="test_update_cart_with_no_previous_cart" time="0.103" timestamp="2020-04-19T09:46:07" file="src\unittest\python\database_tests.py" line="109">
		<system-out><![CDATA[]]></system-out>
		<system-err><![CDATA[]]></system-err>
	</testcase>
	<testcase classname="database_tests.DatabaseTest" name="test_update_cart_with_previous_cart" time="0.107" timestamp="2020-04-19T09:46:07" file="src\unittest\python\database_tests.py" line="137">
		<system-out><![CDATA[]]></system-out>
		<system-err><![CDATA[]]></system-err>
	</testcase>
</testsuite>
