<?xml version="1.0" encoding="UTF-8"?>
<testsuite errors="0" failures="0" file="order_route_tests.py" name="order_route_tests.OrderRouteTest-20200424135302" skipped="0" tests="5" time="0.015" timestamp="2020-04-24T13:53:04">
	<testcase classname="order_route_tests.OrderRouteTest" file="src\unittest\python\order_route_tests.py" line="68" name="test_get_orders" time="0.003" timestamp="2020-04-24T13:53:04">
		<system-out>
<![CDATA[]]>		</system-out>
		<system-err>
<![CDATA[]]>		</system-err>
	</testcase>
	<testcase classname="order_route_tests.OrderRouteTest" file="src\unittest\python\order_route_tests.py" line="80" name="test_get_orders_unauthorized" time="0.002" timestamp="2020-04-24T13:53:04">
		<system-out>
<![CDATA[]]>		</system-out>
		<system-err>
<![CDATA[]]>		</system-err>
	</testcase>
	<testcase classname="order_route_tests.OrderRouteTest" file="src\unittest\python\order_route_tests.py" line="54" name="test_send_order_with_invalid_address" time="0.003" timestamp="2020-04-24T13:53:04">
		<system-out>
<![CDATA[]]>		</system-out>
		<system-err>
<![CDATA[]]>		</system-err>
	</testcase>
	<testcase classname="order_route_tests.OrderRouteTest" file="src\unittest\python\order_route_tests.py" line="28" name="test_send_order_with_invalid_order" time="0.003" timestamp="2020-04-24T13:53:04">
		<system-out>
<![CDATA[]]>		</system-out>
		<system-err>
<![CDATA[]]>		</system-err>
	</testcase>
	<testcase classname="order_route_tests.OrderRouteTest" file="src\unittest\python\order_route_tests.py" line="42" name="test_send_order_with_valid_order" time="0.004" timestamp="2020-04-24T13:53:04">
		<system-out>
<![CDATA[]]>		</system-out>
		<system-err>
<![CDATA[]]>		</system-err>
	</testcase>
</testsuite>
