<?xml version="1.0" encoding="UTF-8"?>
<testsuite errors="0" failures="0" file="data_validator_tests.py" name="data_validator_tests.DataValidatorTest-20200412165146" skipped="0" tests="6" time="0.005" timestamp="2020-04-12T16:51:46">
	<testcase classname="data_validator_tests.DataValidatorTest" file="src\unittest\python\data_validator_tests.py" line="12" name="test_valid_account_data_with_schema_matched" time="0.002" timestamp="2020-04-12T16:51:46">
		<system-out>
<![CDATA[]]>		</system-out>
		<system-err>
<![CDATA[]]>		</system-err>
	</testcase>
	<testcase classname="data_validator_tests.DataValidatorTest" file="src\unittest\python\data_validator_tests.py" line="6" name="test_valid_account_data_with_schema_unmatched" time="0.001" timestamp="2020-04-12T16:51:46">
		<system-out>
<![CDATA[]]>		</system-out>
		<system-err>
<![CDATA[]]>		</system-err>
	</testcase>
	<testcase classname="data_validator_tests.DataValidatorTest" file="src\unittest\python\data_validator_tests.py" line="32" name="test_valid_credentials_data_with_schema_matched" time="0.000" timestamp="2020-04-12T16:51:46">
		<system-out>
<![CDATA[]]>		</system-out>
		<system-err>
<![CDATA[]]>		</system-err>
	</testcase>
	<testcase classname="data_validator_tests.DataValidatorTest" file="src\unittest\python\data_validator_tests.py" line="26" name="test_valid_credentials_data_with_schema_unmatched" time="0.001" timestamp="2020-04-12T16:51:46">
		<system-out>
<![CDATA[]]>		</system-out>
		<system-err>
<![CDATA[]]>		</system-err>
	</testcase>
	<testcase classname="data_validator_tests.DataValidatorTest" file="src\unittest\python\data_validator_tests.py" line="53" name="test_valid_order_data_with_schema_matched" time="0.001" timestamp="2020-04-12T16:51:46">
		<system-out>
<![CDATA[]]>		</system-out>
		<system-err>
<![CDATA[]]>		</system-err>
	</testcase>
	<testcase classname="data_validator_tests.DataValidatorTest" file="src\unittest\python\data_validator_tests.py" line="41" name="test_valid_order_data_with_schema_unmatched" time="0.000" timestamp="2020-04-12T16:51:46">
		<system-out>
<![CDATA[]]>		</system-out>
		<system-err>
<![CDATA[]]>		</system-err>
	</testcase>
</testsuite>
